2024/06/12 07:44:12 [warn] 45#45: *1 [lua] plugin.lua:173: load(): new plugins: {"limit-conn":true,"basic-auth":true,"public-api":true,"traffic-split":true,"uri-blocker":true,"http-logger":true,"consumer-restriction":true,"zipkin":true,"serverless-pre-function":true,"openid-connect":true,"serverless-post-function":true,"limit-count":true,"ip-restriction":true,"key-auth":true,"limit-req":true,"jwt-auth":true,"azure-functions":true,"prometheus":true}, context: init_worker_by_lua*
2024/06/12 07:44:12 [warn] 47#47: *3 [lua] plugin.lua:173: load(): new plugins: {"limit-conn":true,"basic-auth":true,"public-api":true,"traffic-split":true,"uri-blocker":true,"http-logger":true,"consumer-restriction":true,"zipkin":true,"serverless-pre-function":true,"openid-connect":true,"serverless-post-function":true,"limit-count":true,"ip-restriction":true,"key-auth":true,"limit-req":true,"jwt-auth":true,"azure-functions":true,"prometheus":true}, context: init_worker_by_lua*
2024/06/12 07:44:12 [warn] 45#45: *1 [lua] plugin.lua:223: load_stream(): new plugins: {"limit-conn":true,"ip-restriction":true,"mqtt-proxy":true}, context: init_worker_by_lua*
2024/06/12 07:44:12 [warn] 46#46: *4 [lua] plugin.lua:173: load(): new plugins: {"limit-conn":true,"basic-auth":true,"public-api":true,"traffic-split":true,"uri-blocker":true,"http-logger":true,"consumer-restriction":true,"zipkin":true,"serverless-pre-function":true,"openid-connect":true,"serverless-post-function":true,"limit-count":true,"ip-restriction":true,"key-auth":true,"limit-req":true,"jwt-auth":true,"azure-functions":true,"prometheus":true}, context: init_worker_by_lua*
2024/06/12 07:44:12 [warn] 47#47: *3 [lua] plugin.lua:223: load_stream(): new plugins: {"limit-conn":true,"ip-restriction":true,"mqtt-proxy":true}, context: init_worker_by_lua*
2024/06/12 07:44:12 [warn] 44#44: *5 [lua] plugin.lua:173: load(): new plugins: {"limit-conn":true,"basic-auth":true,"public-api":true,"traffic-split":true,"uri-blocker":true,"http-logger":true,"consumer-restriction":true,"zipkin":true,"serverless-pre-function":true,"openid-connect":true,"serverless-post-function":true,"limit-count":true,"ip-restriction":true,"key-auth":true,"limit-req":true,"jwt-auth":true,"azure-functions":true,"prometheus":true}, context: init_worker_by_lua*
2024/06/12 07:44:12 [warn] 52#52: *2 [lua] plugin.lua:173: load(): new plugins: {"limit-conn":true,"basic-auth":true,"public-api":true,"traffic-split":true,"uri-blocker":true,"http-logger":true,"consumer-restriction":true,"zipkin":true,"serverless-pre-function":true,"openid-connect":true,"serverless-post-function":true,"limit-count":true,"ip-restriction":true,"key-auth":true,"limit-req":true,"jwt-auth":true,"azure-functions":true,"prometheus":true}, context: init_worker_by_lua*
2024/06/12 07:44:12 [warn] 44#44: *5 [lua] plugin.lua:223: load_stream(): new plugins: {"limit-conn":true,"ip-restriction":true,"mqtt-proxy":true}, context: init_worker_by_lua*
2024/06/12 07:44:12 [warn] 46#46: *4 [lua] plugin.lua:223: load_stream(): new plugins: {"limit-conn":true,"ip-restriction":true,"mqtt-proxy":true}, context: init_worker_by_lua*
2024/06/12 07:44:12 [warn] 49#49: *6 [lua] plugin.lua:173: load(): new plugins: {"limit-conn":true,"basic-auth":true,"public-api":true,"traffic-split":true,"uri-blocker":true,"http-logger":true,"consumer-restriction":true,"zipkin":true,"serverless-pre-function":true,"openid-connect":true,"serverless-post-function":true,"limit-count":true,"ip-restriction":true,"key-auth":true,"limit-req":true,"jwt-auth":true,"azure-functions":true,"prometheus":true}, context: init_worker_by_lua*
2024/06/12 07:44:12 [warn] 52#52: *2 [lua] plugin.lua:223: load_stream(): new plugins: {"limit-conn":true,"ip-restriction":true,"mqtt-proxy":true}, context: init_worker_by_lua*
2024/06/12 07:44:12 [warn] 48#48: *40 [lua] plugin.lua:173: load(): new plugins: {"limit-conn":true,"basic-auth":true,"public-api":true,"traffic-split":true,"uri-blocker":true,"http-logger":true,"consumer-restriction":true,"zipkin":true,"serverless-pre-function":true,"openid-connect":true,"serverless-post-function":true,"limit-count":true,"ip-restriction":true,"key-auth":true,"limit-req":true,"jwt-auth":true,"azure-functions":true,"prometheus":true}, context: init_worker_by_lua*
2024/06/12 07:44:12 [warn] 51#51: *42 [lua] plugin.lua:173: load(): new plugins: {"limit-conn":true,"basic-auth":true,"public-api":true,"traffic-split":true,"uri-blocker":true,"http-logger":true,"consumer-restriction":true,"zipkin":true,"serverless-pre-function":true,"openid-connect":true,"serverless-post-function":true,"limit-count":true,"ip-restriction":true,"key-auth":true,"limit-req":true,"jwt-auth":true,"azure-functions":true,"prometheus":true}, context: init_worker_by_lua*
2024/06/12 07:44:12 [warn] 50#50: *10 [lua] plugin.lua:173: load(): new plugins: {"limit-conn":true,"basic-auth":true,"public-api":true,"traffic-split":true,"uri-blocker":true,"http-logger":true,"consumer-restriction":true,"zipkin":true,"serverless-pre-function":true,"openid-connect":true,"serverless-post-function":true,"limit-count":true,"ip-restriction":true,"key-auth":true,"limit-req":true,"jwt-auth":true,"azure-functions":true,"prometheus":true}, context: init_worker_by_lua*
2024/06/12 07:44:12 [warn] 48#48: *40 [lua] plugin.lua:223: load_stream(): new plugins: {"limit-conn":true,"ip-restriction":true,"mqtt-proxy":true}, context: init_worker_by_lua*
2024/06/12 07:44:12 [warn] 51#51: *42 [lua] plugin.lua:223: load_stream(): new plugins: {"limit-conn":true,"ip-restriction":true,"mqtt-proxy":true}, context: init_worker_by_lua*
2024/06/12 07:44:12 [warn] 50#50: *10 [lua] plugin.lua:223: load_stream(): new plugins: {"limit-conn":true,"ip-restriction":true,"mqtt-proxy":true}, context: init_worker_by_lua*
2024/06/12 07:44:12 [warn] 49#49: *6 [lua] plugin.lua:223: load_stream(): new plugins: {"limit-conn":true,"ip-restriction":true,"mqtt-proxy":true}, context: init_worker_by_lua*
2024/06/12 08:43:36 [error] 44#44: *348601 [lua] config_etcd.lua:573: failed to fetch data from etcd: closed,  etcd key: /apisix/routes, context: ngx.timer
2024/06/12 08:43:36 [error] 44#44: *348543 [lua] config_etcd.lua:573: failed to fetch data from etcd: closed,  etcd key: /apisix/global_rules, context: ngx.timer
2024/06/12 08:43:36 [error] 51#51: *348683 [lua] config_etcd.lua:573: failed to fetch data from etcd: closed,  etcd key: /apisix/global_rules, context: ngx.timer
2024/06/12 08:43:36 [error] 49#49: *348664 [lua] config_etcd.lua:573: failed to fetch data from etcd: closed,  etcd key: /apisix/plugin_configs, context: ngx.timer
2024/06/12 08:43:36 [error] 47#47: *348617 [lua] config_etcd.lua:573: failed to fetch data from etcd: closed,  etcd key: /apisix/global_rules, context: ngx.timer
2024/06/12 08:43:36 [error] 52#52: *348699 [lua] config_etcd.lua:573: failed to fetch data from etcd: closed,  etcd key: /apisix/services, context: ngx.timer
2024/06/12 08:43:36 [error] 46#46: *348632 [lua] config_etcd.lua:573: failed to fetch data from etcd: closed,  etcd key: /apisix/global_rules, context: ngx.timer
2024/06/12 08:43:36 [error] 50#50: *348652 [lua] config_etcd.lua:573: failed to fetch data from etcd: closed,  etcd key: /apisix/plugin_metadata, context: ngx.timer
2024/06/12 08:43:36 [error] 48#48: *348701 [lua] config_etcd.lua:573: failed to fetch data from etcd: closed,  etcd key: /apisix/plugin_metadata, context: ngx.timer
2024/06/12 08:43:36 [error] 45#45: *348557 [lua] config_etcd.lua:573: failed to fetch data from etcd: closed,  etcd key: /apisix/consumers, context: ngx.timer
2024/06/12 08:43:36 [error] 44#44: *348541 [lua] config_etcd.lua:573: failed to fetch data from etcd: closed,  etcd key: /apisix/upstreams, context: ngx.timer
2024/06/12 08:43:36 [error] 51#51: *348636 [lua] config_etcd.lua:573: failed to fetch data from etcd: closed,  etcd key: /apisix/consumers, context: ngx.timer
2024/06/12 08:44:21 [warn] 44#44: *1 [lua] plugin.lua:173: load(): new plugins: {"traffic-split":true,"limit-conn":true,"serverless-pre-function":true,"public-api":true,"prometheus":true,"http-logger":true,"limit-count":true,"azure-functions":true,"openid-connect":true,"serverless-post-function":true,"consumer-restriction":true,"jwt-auth":true,"ip-restriction":true,"limit-req":true,"basic-auth":true,"uri-blocker":true,"key-auth":true,"zipkin":true}, context: init_worker_by_lua*
2024/06/12 08:44:21 [warn] 48#48: *3 [lua] plugin.lua:173: load(): new plugins: {"traffic-split":true,"limit-conn":true,"serverless-pre-function":true,"public-api":true,"prometheus":true,"http-logger":true,"limit-count":true,"azure-functions":true,"openid-connect":true,"serverless-post-function":true,"consumer-restriction":true,"jwt-auth":true,"ip-restriction":true,"limit-req":true,"basic-auth":true,"uri-blocker":true,"key-auth":true,"zipkin":true}, context: init_worker_by_lua*
2024/06/12 08:44:21 [warn] 45#45: *8 [lua] plugin.lua:173: load(): new plugins: {"traffic-split":true,"limit-conn":true,"serverless-pre-function":true,"public-api":true,"prometheus":true,"http-logger":true,"limit-count":true,"azure-functions":true,"openid-connect":true,"serverless-post-function":true,"consumer-restriction":true,"jwt-auth":true,"ip-restriction":true,"limit-req":true,"basic-auth":true,"uri-blocker":true,"key-auth":true,"zipkin":true}, context: init_worker_by_lua*
2024/06/12 08:44:21 [warn] 49#49: *4 [lua] plugin.lua:173: load(): new plugins: {"traffic-split":true,"limit-conn":true,"serverless-pre-function":true,"public-api":true,"prometheus":true,"http-logger":true,"limit-count":true,"azure-functions":true,"openid-connect":true,"serverless-post-function":true,"consumer-restriction":true,"jwt-auth":true,"ip-restriction":true,"limit-req":true,"basic-auth":true,"uri-blocker":true,"key-auth":true,"zipkin":true}, context: init_worker_by_lua*
2024/06/12 08:44:21 [warn] 51#51: *7 [lua] plugin.lua:173: load(): new plugins: {"traffic-split":true,"limit-conn":true,"serverless-pre-function":true,"public-api":true,"prometheus":true,"http-logger":true,"limit-count":true,"azure-functions":true,"openid-connect":true,"serverless-post-function":true,"consumer-restriction":true,"jwt-auth":true,"ip-restriction":true,"limit-req":true,"basic-auth":true,"uri-blocker":true,"key-auth":true,"zipkin":true}, context: init_worker_by_lua*
2024/06/12 08:44:21 [warn] 46#46: *2 [lua] plugin.lua:173: load(): new plugins: {"traffic-split":true,"limit-conn":true,"serverless-pre-function":true,"public-api":true,"prometheus":true,"http-logger":true,"limit-count":true,"azure-functions":true,"openid-connect":true,"serverless-post-function":true,"consumer-restriction":true,"jwt-auth":true,"ip-restriction":true,"limit-req":true,"basic-auth":true,"uri-blocker":true,"key-auth":true,"zipkin":true}, context: init_worker_by_lua*
2024/06/12 08:44:21 [warn] 52#52: *6 [lua] plugin.lua:173: load(): new plugins: {"traffic-split":true,"limit-conn":true,"serverless-pre-function":true,"public-api":true,"prometheus":true,"http-logger":true,"limit-count":true,"azure-functions":true,"openid-connect":true,"serverless-post-function":true,"consumer-restriction":true,"jwt-auth":true,"ip-restriction":true,"limit-req":true,"basic-auth":true,"uri-blocker":true,"key-auth":true,"zipkin":true}, context: init_worker_by_lua*
2024/06/12 08:44:21 [warn] 50#50: *5 [lua] plugin.lua:173: load(): new plugins: {"traffic-split":true,"limit-conn":true,"serverless-pre-function":true,"public-api":true,"prometheus":true,"http-logger":true,"limit-count":true,"azure-functions":true,"openid-connect":true,"serverless-post-function":true,"consumer-restriction":true,"jwt-auth":true,"ip-restriction":true,"limit-req":true,"basic-auth":true,"uri-blocker":true,"key-auth":true,"zipkin":true}, context: init_worker_by_lua*
2024/06/12 08:44:21 [warn] 44#44: *1 [lua] plugin.lua:223: load_stream(): new plugins: {"ip-restriction":true,"limit-conn":true,"mqtt-proxy":true}, context: init_worker_by_lua*
2024/06/12 08:44:21 [warn] 49#49: *4 [lua] plugin.lua:223: load_stream(): new plugins: {"ip-restriction":true,"limit-conn":true,"mqtt-proxy":true}, context: init_worker_by_lua*
2024/06/12 08:44:21 [warn] 45#45: *8 [lua] plugin.lua:223: load_stream(): new plugins: {"ip-restriction":true,"limit-conn":true,"mqtt-proxy":true}, context: init_worker_by_lua*
2024/06/12 08:44:21 [warn] 46#46: *2 [lua] plugin.lua:223: load_stream(): new plugins: {"ip-restriction":true,"limit-conn":true,"mqtt-proxy":true}, context: init_worker_by_lua*
2024/06/12 08:44:21 [warn] 50#50: *5 [lua] plugin.lua:223: load_stream(): new plugins: {"ip-restriction":true,"limit-conn":true,"mqtt-proxy":true}, context: init_worker_by_lua*
2024/06/12 08:44:21 [warn] 48#48: *3 [lua] plugin.lua:223: load_stream(): new plugins: {"ip-restriction":true,"limit-conn":true,"mqtt-proxy":true}, context: init_worker_by_lua*
2024/06/12 08:44:21 [warn] 51#51: *7 [lua] plugin.lua:223: load_stream(): new plugins: {"ip-restriction":true,"limit-conn":true,"mqtt-proxy":true}, context: init_worker_by_lua*
2024/06/12 08:44:21 [warn] 52#52: *6 [lua] plugin.lua:223: load_stream(): new plugins: {"ip-restriction":true,"limit-conn":true,"mqtt-proxy":true}, context: init_worker_by_lua*
2024/06/12 08:44:21 [warn] 47#47: *9 [lua] plugin.lua:173: load(): new plugins: {"traffic-split":true,"limit-conn":true,"serverless-pre-function":true,"public-api":true,"prometheus":true,"http-logger":true,"limit-count":true,"azure-functions":true,"openid-connect":true,"serverless-post-function":true,"consumer-restriction":true,"jwt-auth":true,"ip-restriction":true,"limit-req":true,"basic-auth":true,"uri-blocker":true,"key-auth":true,"zipkin":true}, context: init_worker_by_lua*
2024/06/12 08:44:21 [warn] 47#47: *9 [lua] plugin.lua:223: load_stream(): new plugins: {"ip-restriction":true,"limit-conn":true,"mqtt-proxy":true}, context: init_worker_by_lua*
2024/06/12 08:56:19 [warn] 49#49: *4 [lua] plugin.lua:173: load(): new plugins: {"key-auth":true,"jwt-auth":true,"azure-functions":true,"serverless-post-function":true,"http-logger":true,"ip-restriction":true,"openid-connect":true,"basic-auth":true,"uri-blocker":true,"limit-conn":true,"limit-req":true,"consumer-restriction":true,"traffic-split":true,"prometheus":true,"serverless-pre-function":true,"limit-count":true,"zipkin":true,"public-api":true}, context: init_worker_by_lua*
2024/06/12 08:56:19 [warn] 47#47: *8 [lua] plugin.lua:173: load(): new plugins: {"key-auth":true,"jwt-auth":true,"azure-functions":true,"serverless-post-function":true,"http-logger":true,"ip-restriction":true,"openid-connect":true,"basic-auth":true,"uri-blocker":true,"limit-conn":true,"limit-req":true,"consumer-restriction":true,"traffic-split":true,"prometheus":true,"serverless-pre-function":true,"limit-count":true,"zipkin":true,"public-api":true}, context: init_worker_by_lua*
2024/06/12 08:56:19 [warn] 46#46: *2 [lua] plugin.lua:173: load(): new plugins: {"key-auth":true,"jwt-auth":true,"azure-functions":true,"serverless-post-function":true,"http-logger":true,"ip-restriction":true,"openid-connect":true,"basic-auth":true,"uri-blocker":true,"limit-conn":true,"limit-req":true,"consumer-restriction":true,"traffic-split":true,"prometheus":true,"serverless-pre-function":true,"limit-count":true,"zipkin":true,"public-api":true}, context: init_worker_by_lua*
2024/06/12 08:56:19 [warn] 48#48: *3 [lua] plugin.lua:173: load(): new plugins: {"key-auth":true,"jwt-auth":true,"azure-functions":true,"serverless-post-function":true,"http-logger":true,"ip-restriction":true,"openid-connect":true,"basic-auth":true,"uri-blocker":true,"limit-conn":true,"limit-req":true,"consumer-restriction":true,"traffic-split":true,"prometheus":true,"serverless-pre-function":true,"limit-count":true,"zipkin":true,"public-api":true}, context: init_worker_by_lua*
2024/06/12 08:56:19 [warn] 51#51: *6 [lua] plugin.lua:173: load(): new plugins: {"key-auth":true,"jwt-auth":true,"azure-functions":true,"serverless-post-function":true,"http-logger":true,"ip-restriction":true,"openid-connect":true,"basic-auth":true,"uri-blocker":true,"limit-conn":true,"limit-req":true,"consumer-restriction":true,"traffic-split":true,"prometheus":true,"serverless-pre-function":true,"limit-count":true,"zipkin":true,"public-api":true}, context: init_worker_by_lua*
2024/06/12 08:56:19 [warn] 45#45: *1 [lua] plugin.lua:173: load(): new plugins: {"key-auth":true,"jwt-auth":true,"azure-functions":true,"serverless-post-function":true,"http-logger":true,"ip-restriction":true,"openid-connect":true,"basic-auth":true,"uri-blocker":true,"limit-conn":true,"limit-req":true,"consumer-restriction":true,"traffic-split":true,"prometheus":true,"serverless-pre-function":true,"limit-count":true,"zipkin":true,"public-api":true}, context: init_worker_by_lua*
2024/06/12 08:56:19 [warn] 50#50: *5 [lua] plugin.lua:173: load(): new plugins: {"key-auth":true,"jwt-auth":true,"azure-functions":true,"serverless-post-function":true,"http-logger":true,"ip-restriction":true,"openid-connect":true,"basic-auth":true,"uri-blocker":true,"limit-conn":true,"limit-req":true,"consumer-restriction":true,"traffic-split":true,"prometheus":true,"serverless-pre-function":true,"limit-count":true,"zipkin":true,"public-api":true}, context: init_worker_by_lua*
2024/06/12 08:56:19 [warn] 49#49: *4 [lua] plugin.lua:223: load_stream(): new plugins: {"ip-restriction":true,"mqtt-proxy":true,"limit-conn":true}, context: init_worker_by_lua*
2024/06/12 08:56:19 [warn] 48#48: *3 [lua] plugin.lua:223: load_stream(): new plugins: {"ip-restriction":true,"mqtt-proxy":true,"limit-conn":true}, context: init_worker_by_lua*
2024/06/12 08:56:19 [warn] 46#46: *2 [lua] plugin.lua:223: load_stream(): new plugins: {"ip-restriction":true,"mqtt-proxy":true,"limit-conn":true}, context: init_worker_by_lua*
2024/06/12 08:56:19 [warn] 52#52: *9 [lua] plugin.lua:173: load(): new plugins: {"key-auth":true,"jwt-auth":true,"azure-functions":true,"serverless-post-function":true,"http-logger":true,"ip-restriction":true,"openid-connect":true,"basic-auth":true,"uri-blocker":true,"limit-conn":true,"limit-req":true,"consumer-restriction":true,"traffic-split":true,"prometheus":true,"serverless-pre-function":true,"limit-count":true,"zipkin":true,"public-api":true}, context: init_worker_by_lua*
2024/06/12 08:56:19 [warn] 51#51: *6 [lua] plugin.lua:223: load_stream(): new plugins: {"ip-restriction":true,"mqtt-proxy":true,"limit-conn":true}, context: init_worker_by_lua*
2024/06/12 08:56:19 [warn] 45#45: *1 [lua] plugin.lua:223: load_stream(): new plugins: {"ip-restriction":true,"mqtt-proxy":true,"limit-conn":true}, context: init_worker_by_lua*
2024/06/12 08:56:19 [warn] 47#47: *8 [lua] plugin.lua:223: load_stream(): new plugins: {"ip-restriction":true,"mqtt-proxy":true,"limit-conn":true}, context: init_worker_by_lua*
2024/06/12 08:56:19 [warn] 44#44: *7 [lua] plugin.lua:173: load(): new plugins: {"key-auth":true,"jwt-auth":true,"azure-functions":true,"serverless-post-function":true,"http-logger":true,"ip-restriction":true,"openid-connect":true,"basic-auth":true,"uri-blocker":true,"limit-conn":true,"limit-req":true,"consumer-restriction":true,"traffic-split":true,"prometheus":true,"serverless-pre-function":true,"limit-count":true,"zipkin":true,"public-api":true}, context: init_worker_by_lua*
2024/06/12 08:56:19 [warn] 50#50: *5 [lua] plugin.lua:223: load_stream(): new plugins: {"ip-restriction":true,"mqtt-proxy":true,"limit-conn":true}, context: init_worker_by_lua*
2024/06/12 08:56:19 [warn] 44#44: *7 [lua] plugin.lua:223: load_stream(): new plugins: {"ip-restriction":true,"mqtt-proxy":true,"limit-conn":true}, context: init_worker_by_lua*
2024/06/12 08:56:19 [warn] 52#52: *9 [lua] plugin.lua:223: load_stream(): new plugins: {"ip-restriction":true,"mqtt-proxy":true,"limit-conn":true}, context: init_worker_by_lua*
